[
  {
    "timestamp": 1766476370396,
    "message": "INIT_START Runtime Version: nodejs:22.v70\tRuntime Version ARN: arn:aws:lambda:ap-southeast-2::runtime:fc822b897c0f33df4df3bc8d3c18d7449cfa5d4f32cd596bcfb8080fdefbad43\n",
    "ingestionTime": 1766476372128
  },
  {
    "timestamp": 1766476370759,
    "message": "START RequestId: 47e8a3a6-6833-4141-b8f1-822bedc9e7fe Version: $LATEST\n",
    "ingestionTime": 1766476372128
  },
  {
    "timestamp": 1766476370801,
    "message": "2025-12-23T07:52:50.801Z\t47e8a3a6-6833-4141-b8f1-822bedc9e7fe\tINFO\t[METRICS] INSERT regular game d782e6bf-4dc8-4a99-852c-10505d6ae1e4 - incrementing gameCount\n",
    "ingestionTime": 1766476372128
  },
  {
    "timestamp": 1766476371780,
    "message": "2025-12-23T07:52:51.780Z\t47e8a3a6-6833-4141-b8f1-822bedc9e7fe\tERROR\tError updating undefined [ID: 42101695-1332-48e3-963b-3c6ad4e909a0]: ValidationException: 1 validation error detected: Value null at 'tableName' failed to satisfy constraint: Member must not be null\n    at ProtocolLib.getErrorSchemaOrThrowBaseException (/var/task/node_modules/@aws-sdk/core/dist-cjs/submodules/protocols/index.js:69:67)\n    at AwsJson1_0Protocol.handleError (/var/task/node_modules/@aws-sdk/core/dist-cjs/submodules/protocols/index.js:774:65)\n    at AwsJson1_0Protocol.deserializeResponse (/var/task/node_modules/@smithy/core/dist-cjs/submodules/protocols/index.js:473:24)\n    at process.processTicksAndRejections (node:internal/process/task_queues:105:5)\n    at async /var/task/node_modules/@smithy/core/dist-cjs/submodules/schema/index.js:26:24\n    at async /var/task/node_modules/@aws-sdk/lib-dynamodb/dist-cjs/index.js:107:34\n    at async /var/task/node_modules/@smithy/core/dist-cjs/index.js:121:20\n    at async /var/task/node_modules/@smithy/middleware-retry/dist-cjs/index.js:254:46\n    at async /var/task/node_modules/@aws-sdk/middleware-logger/dist-cjs/index.js:5:26\n    at async updateStats (/var/task/index.js:250:5) {\n  '$fault': 'client',\n  '$retryable': undefined,\n  '$metadata': {\n    httpStatusCode: 400,\n    requestId: 'UT3T509BGJEHS4BGELETQ0G86VVV4KQNSO5AEMVJF66Q9ASUAAJG',\n    extendedRequestId: undefined,\n    cfId: undefined,\n    attempts: 1,\n    totalRetryDelay: 0\n  },\n  __type: 'com.amazon.coral.validate#ValidationException'\n}\n",
    "ingestionTime": 1766476372128
  },
  {
    "timestamp": 1766476371860,
    "message": "2025-12-23T07:52:51.860Z\t47e8a3a6-6833-4141-b8f1-822bedc9e7fe\tERROR\tError updating undefined [ID: 6316925d-1163-4b25-8d26-5728a03d99b8]: ValidationException: 1 validation error detected: Value null at 'tableName' failed to satisfy constraint: Member must not be null\n    at ProtocolLib.getErrorSchemaOrThrowBaseException (/var/task/node_modules/@aws-sdk/core/dist-cjs/submodules/protocols/index.js:69:67)\n    at AwsJson1_0Protocol.handleError (/var/task/node_modules/@aws-sdk/core/dist-cjs/submodules/protocols/index.js:774:65)\n    at AwsJson1_0Protocol.deserializeResponse (/var/task/node_modules/@smithy/core/dist-cjs/submodules/protocols/index.js:473:24)\n    at process.processTicksAndRejections (node:internal/process/task_queues:105:5)\n    at async /var/task/node_modules/@smithy/core/dist-cjs/submodules/schema/index.js:26:24\n    at async /var/task/node_modules/@aws-sdk/lib-dynamodb/dist-cjs/index.js:107:34\n    at async /var/task/node_modules/@smithy/core/dist-cjs/index.js:121:20\n    at async /var/task/node_modules/@smithy/middleware-retry/dist-cjs/index.js:254:46\n    at async /var/task/node_modules/@aws-sdk/middleware-logger/dist-cjs/index.js:5:26\n    at async updateStats (/var/task/index.js:250:5) {\n  '$fault': 'client',\n  '$retryable': undefined,\n  '$metadata': {\n    httpStatusCode: 400,\n    requestId: 'JPCROAA7OC2CJPBLIMR1O6LF9RVV4KQNSO5AEMVJF66Q9ASUAAJG',\n    extendedRequestId: undefined,\n    cfId: undefined,\n    attempts: 1,\n    totalRetryDelay: 0\n  },\n  __type: 'com.amazon.coral.validate#ValidationException'\n}\n",
    "ingestionTime": 1766476372128
  },
  {
    "timestamp": 1766476371901,
    "message": "END RequestId: 47e8a3a6-6833-4141-b8f1-822bedc9e7fe\n",
    "ingestionTime": 1766476372128
  },
  {
    "timestamp": 1766476371901,
    "message": "REPORT RequestId: 47e8a3a6-6833-4141-b8f1-822bedc9e7fe\tDuration: 1141.23 ms\tBilled Duration: 1501 ms\tMemory Size: 128 MB\tMax Memory Used: 97 MB\tInit Duration: 359.59 ms\t\n",
    "ingestionTime": 1766476372128
  },
  {
    "timestamp": 1766476372163,
    "message": "START RequestId: 9eadbdc0-fffa-4fb0-8ef9-d1bad16a0cd5 Version: $LATEST\n",
    "ingestionTime": 1766476381178
  },
  {
    "timestamp": 1766476372164,
    "message": "2025-12-23T07:52:52.164Z\t9eadbdc0-fffa-4fb0-8ef9-d1bad16a0cd5\tINFO\t[METRICS] INSERT regular game 9459663a-d148-4c94-89fb-7872d7306c7e - incrementing gameCount\n",
    "ingestionTime": 1766476381178
  },
  {
    "timestamp": 1766476372221,
    "message": "2025-12-23T07:52:52.221Z\t9eadbdc0-fffa-4fb0-8ef9-d1bad16a0cd5\tERROR\tError updating undefined [ID: 42101695-1332-48e3-963b-3c6ad4e909a0]: ValidationException: 1 validation error detected: Value null at 'tableName' failed to satisfy constraint: Member must not be null\n    at ProtocolLib.getErrorSchemaOrThrowBaseException (/var/task/node_modules/@aws-sdk/core/dist-cjs/submodules/protocols/index.js:69:67)\n    at AwsJson1_0Protocol.handleError (/var/task/node_modules/@aws-sdk/core/dist-cjs/submodules/protocols/index.js:774:65)\n    at AwsJson1_0Protocol.deserializeResponse (/var/task/node_modules/@smithy/core/dist-cjs/submodules/protocols/index.js:473:24)\n    at process.processTicksAndRejections (node:internal/process/task_queues:105:5)\n    at async /var/task/node_modules/@smithy/core/dist-cjs/submodules/schema/index.js:26:24\n    at async /var/task/node_modules/@aws-sdk/lib-dynamodb/dist-cjs/index.js:107:34\n    at async /var/task/node_modules/@smithy/core/dist-cjs/index.js:121:20\n    at async /var/task/node_modules/@smithy/middleware-retry/dist-cjs/index.js:254:46\n    at async /var/task/node_modules/@aws-sdk/middleware-logger/dist-cjs/index.js:5:26\n    at async updateStats (/var/task/index.js:250:5) {\n  '$fault': 'client',\n  '$retryable': undefined,\n  '$metadata': {\n    httpStatusCode: 400,\n    requestId: '65LS32L18D23D67B0GU7APP66NVV4KQNSO5AEMVJF66Q9ASUAAJG',\n    extendedRequestId: undefined,\n    cfId: undefined,\n    attempts: 1,\n    totalRetryDelay: 0\n  },\n  __type: 'com.amazon.coral.validate#ValidationException'\n}\n",
    "ingestionTime": 1766476381178
  },
  {
    "timestamp": 1766476372280,
    "message": "2025-12-23T07:52:52.280Z\t9eadbdc0-fffa-4fb0-8ef9-d1bad16a0cd5\tERROR\tError updating undefined [ID: 6316925d-1163-4b25-8d26-5728a03d99b8]: ValidationException: 1 validation error detected: Value null at 'tableName' failed to satisfy constraint: Member must not be null\n    at ProtocolLib.getErrorSchemaOrThrowBaseException (/var/task/node_modules/@aws-sdk/core/dist-cjs/submodules/protocols/index.js:69:67)\n    at AwsJson1_0Protocol.handleError (/var/task/node_modules/@aws-sdk/core/dist-cjs/submodules/protocols/index.js:774:65)\n    at AwsJson1_0Protocol.deserializeResponse (/var/task/node_modules/@smithy/core/dist-cjs/submodules/protocols/index.js:473:24)\n    at process.processTicksAndRejections (node:internal/process/task_queues:105:5)\n    at async /var/task/node_modules/@smithy/core/dist-cjs/submodules/schema/index.js:26:24\n    at async /var/task/node_modules/@aws-sdk/lib-dynamodb/dist-cjs/index.js:107:34\n    at async /var/task/node_modules/@smithy/core/dist-cjs/index.js:121:20\n    at async /var/task/node_modules/@smithy/middleware-retry/dist-cjs/index.js:254:46\n    at async /var/task/node_modules/@aws-sdk/middleware-logger/dist-cjs/index.js:5:26\n    at async updateStats (/var/task/index.js:250:5) {\n  '$fault': 'client',\n  '$retryable': undefined,\n  '$metadata': {\n    httpStatusCode: 400,\n    requestId: '6S05144IOOJ04B3LD0SGLHE8QRVV4KQNSO5AEMVJF66Q9ASUAAJG',\n    extendedRequestId: undefined,\n    cfId: undefined,\n    attempts: 1,\n    totalRetryDelay: 0\n  },\n  __type: 'com.amazon.coral.validate#ValidationException'\n}\n",
    "ingestionTime": 1766476381178
  },
  {
    "timestamp": 1766476372300,
    "message": "END RequestId: 9eadbdc0-fffa-4fb0-8ef9-d1bad16a0cd5\n",
    "ingestionTime": 1766476381178
  },
  {
    "timestamp": 1766476372300,
    "message": "REPORT RequestId: 9eadbdc0-fffa-4fb0-8ef9-d1bad16a0cd5\tDuration: 136.20 ms\tBilled Duration: 137 ms\tMemory Size: 128 MB\tMax Memory Used: 97 MB\t\n",
    "ingestionTime": 1766476381178
  },
  {
    "timestamp": 1766476373407,
    "message": "START RequestId: 9eb33549-6f06-48b0-8f94-09565c7f6e67 Version: $LATEST\n",
    "ingestionTime": 1766476381178
  },
  {
    "timestamp": 1766476373408,
    "message": "2025-12-23T07:52:53.408Z\t9eb33549-6f06-48b0-8f94-09565c7f6e67\tINFO\t[METRICS] INSERT regular game 3fa9f859-d209-49c7-9af4-d0e71fd2b86f - incrementing gameCount\n",
    "ingestionTime": 1766476381178
  },
  {
    "timestamp": 1766476373440,
    "message": "2025-12-23T07:52:53.440Z\t9eb33549-6f06-48b0-8f94-09565c7f6e67\tERROR\tError updating undefined [ID: 42101695-1332-48e3-963b-3c6ad4e909a0]: ValidationException: 1 validation error detected: Value null at 'tableName' failed to satisfy constraint: Member must not be null\n    at ProtocolLib.getErrorSchemaOrThrowBaseException (/var/task/node_modules/@aws-sdk/core/dist-cjs/submodules/protocols/index.js:69:67)\n    at AwsJson1_0Protocol.handleError (/var/task/node_modules/@aws-sdk/core/dist-cjs/submodules/protocols/index.js:774:65)\n    at AwsJson1_0Protocol.deserializeResponse (/var/task/node_modules/@smithy/core/dist-cjs/submodules/protocols/index.js:473:24)\n    at process.processTicksAndRejections (node:internal/process/task_queues:105:5)\n    at async /var/task/node_modules/@smithy/core/dist-cjs/submodules/schema/index.js:26:24\n    at async /var/task/node_modules/@aws-sdk/lib-dynamodb/dist-cjs/index.js:107:34\n    at async /var/task/node_modules/@smithy/core/dist-cjs/index.js:121:20\n    at async /var/task/node_modules/@smithy/middleware-retry/dist-cjs/index.js:254:46\n    at async /var/task/node_modules/@aws-sdk/middleware-logger/dist-cjs/index.js:5:26\n    at async updateStats (/var/task/index.js:250:5) {\n  '$fault': 'client',\n  '$retryable': undefined,\n  '$metadata': {\n    httpStatusCode: 400,\n    requestId: 'APGSBRFT5BSR1JBP7DU239TKSBVV4KQNSO5AEMVJF66Q9ASUAAJG',\n    extendedRequestId: undefined,\n    cfId: undefined,\n    attempts: 1,\n    totalRetryDelay: 0\n  },\n  __type: 'com.amazon.coral.validate#ValidationException'\n}\n",
    "ingestionTime": 1766476381178
  },
  {
    "timestamp": 1766476373480,
    "message": "2025-12-23T07:52:53.480Z\t9eb33549-6f06-48b0-8f94-09565c7f6e67\tERROR\tError updating undefined [ID: fd4f7fb1-67fd-4398-b4b4-d85722256d45]: ValidationException: 1 validation error detected: Value null at 'tableName' failed to satisfy constraint: Member must not be null\n    at ProtocolLib.getErrorSchemaOrThrowBaseException (/var/task/node_modules/@aws-sdk/core/dist-cjs/submodules/protocols/index.js:69:67)\n    at AwsJson1_0Protocol.handleError (/var/task/node_modules/@aws-sdk/core/dist-cjs/submodules/protocols/index.js:774:65)\n    at AwsJson1_0Protocol.deserializeResponse (/var/task/node_modules/@smithy/core/dist-cjs/submodules/protocols/index.js:473:24)\n    at process.processTicksAndRejections (node:internal/process/task_queues:105:5)\n    at async /var/task/node_modules/@smithy/core/dist-cjs/submodules/schema/index.js:26:24\n    at async /var/task/node_modules/@aws-sdk/lib-dynamodb/dist-cjs/index.js:107:34\n    at async /var/task/node_modules/@smithy/core/dist-cjs/index.js:121:20\n    at async /var/task/node_modules/@smithy/middleware-retry/dist-cjs/index.js:254:46\n    at async /var/task/node_modules/@aws-sdk/middleware-logger/dist-cjs/index.js:5:26\n    at async updateStats (/var/task/index.js:250:5) {\n  '$fault': 'client',\n  '$retryable': undefined,\n  '$metadata': {\n    httpStatusCode: 400,\n    requestId: '05O3RT992TFF2855TI6P301R7RVV4KQNSO5AEMVJF66Q9ASUAAJG',\n    extendedRequestId: undefined,\n    cfId: undefined,\n    attempts: 1,\n    totalRetryDelay: 0\n  },\n  __type: 'com.amazon.coral.validate#ValidationException'\n}\n",
    "ingestionTime": 1766476381178
  },
  {
    "timestamp": 1766476373520,
    "message": "END RequestId: 9eb33549-6f06-48b0-8f94-09565c7f6e67\n",
    "ingestionTime": 1766476381178
  },
  {
    "timestamp": 1766476373520,
    "message": "REPORT RequestId: 9eb33549-6f06-48b0-8f94-09565c7f6e67\tDuration: 111.78 ms\tBilled Duration: 112 ms\tMemory Size: 128 MB\tMax Memory Used: 97 MB\t\n",
    "ingestionTime": 1766476381178
  },
  {
    "timestamp": 1766476374663,
    "message": "2025-12-23T07:52:54.663Z\t53e0eec5-84af-4281-ac57-4f8600adee49\tINFO\t[METRICS] INSERT regular game daf248d1-7c82-4415-b4f5-de7a7cabd399 - incrementing gameCount\n",
    "ingestionTime": 1766476381178
  },
  {
    "timestamp": 1766476374663,
    "message": "START RequestId: 53e0eec5-84af-4281-ac57-4f8600adee49 Version: $LATEST\n",
    "ingestionTime": 1766476381178
  },
  {
    "timestamp": 1766476374680,
    "message": "2025-12-23T07:52:54.680Z\t53e0eec5-84af-4281-ac57-4f8600adee49\tERROR\tError updating undefined [ID: 42101695-1332-48e3-963b-3c6ad4e909a0]: ValidationException: 1 validation error detected: Value null at 'tableName' failed to satisfy constraint: Member must not be null\n    at ProtocolLib.getErrorSchemaOrThrowBaseException (/var/task/node_modules/@aws-sdk/core/dist-cjs/submodules/protocols/index.js:69:67)\n    at AwsJson1_0Protocol.handleError (/var/task/node_modules/@aws-sdk/core/dist-cjs/submodules/protocols/index.js:774:65)\n    at AwsJson1_0Protocol.deserializeResponse (/var/task/node_modules/@smithy/core/dist-cjs/submodules/protocols/index.js:473:24)\n    at process.processTicksAndRejections (node:internal/process/task_queues:105:5)\n    at async /var/task/node_modules/@smithy/core/dist-cjs/submodules/schema/index.js:26:24\n    at async /var/task/node_modules/@aws-sdk/lib-dynamodb/dist-cjs/index.js:107:34\n    at async /var/task/node_modules/@smithy/core/dist-cjs/index.js:121:20\n    at async /var/task/node_modules/@smithy/middleware-retry/dist-cjs/index.js:254:46\n    at async /var/task/node_modules/@aws-sdk/middleware-logger/dist-cjs/index.js:5:26\n    at async updateStats (/var/task/index.js:250:5) {\n  '$fault': 'client',\n  '$retryable': undefined,\n  '$metadata': {\n    httpStatusCode: 400,\n    requestId: 'DR6OJ3T608F5THJ2SPBI1BQL2NVV4KQNSO5AEMVJF66Q9ASUAAJG',\n    extendedRequestId: undefined,\n    cfId: undefined,\n    attempts: 1,\n    totalRetryDelay: 0\n  },\n  __type: 'com.amazon.coral.validate#ValidationException'\n}\n",
    "ingestionTime": 1766476381178
  },
  {
    "timestamp": 1766476374740,
    "message": "2025-12-23T07:52:54.740Z\t53e0eec5-84af-4281-ac57-4f8600adee49\tERROR\tError updating undefined [ID: fd4f7fb1-67fd-4398-b4b4-d85722256d45]: ValidationException: 1 validation error detected: Value null at 'tableName' failed to satisfy constraint: Member must not be null\n    at ProtocolLib.getErrorSchemaOrThrowBaseException (/var/task/node_modules/@aws-sdk/core/dist-cjs/submodules/protocols/index.js:69:67)\n    at AwsJson1_0Protocol.handleError (/var/task/node_modules/@aws-sdk/core/dist-cjs/submodules/protocols/index.js:774:65)\n    at AwsJson1_0Protocol.deserializeResponse (/var/task/node_modules/@smithy/core/dist-cjs/submodules/protocols/index.js:473:24)\n    at process.processTicksAndRejections (node:internal/process/task_queues:105:5)\n    at async /var/task/node_modules/@smithy/core/dist-cjs/submodules/schema/index.js:26:24\n    at async /var/task/node_modules/@aws-sdk/lib-dynamodb/dist-cjs/index.js:107:34\n    at async /var/task/node_modules/@smithy/core/dist-cjs/index.js:121:20\n    at async /var/task/node_modules/@smithy/middleware-retry/dist-cjs/index.js:254:46\n    at async /var/task/node_modules/@aws-sdk/middleware-logger/dist-cjs/index.js:5:26\n    at async updateStats (/var/task/index.js:250:5) {\n  '$fault': 'client',\n  '$retryable': undefined,\n  '$metadata': {\n    httpStatusCode: 400,\n    requestId: '44S4ANQIC3IMLFMIBC5PPVA96FVV4KQNSO5AEMVJF66Q9ASUAAJG',\n    extendedRequestId: undefined,\n    cfId: undefined,\n    attempts: 1,\n    totalRetryDelay: 0\n  },\n  __type: 'com.amazon.coral.validate#ValidationException'\n}\n",
    "ingestionTime": 1766476381178
  },
  {
    "timestamp": 1766476374760,
    "message": "END RequestId: 53e0eec5-84af-4281-ac57-4f8600adee49\n",
    "ingestionTime": 1766476381178
  },
  {
    "timestamp": 1766476374760,
    "message": "REPORT RequestId: 53e0eec5-84af-4281-ac57-4f8600adee49\tDuration: 96.63 ms\tBilled Duration: 97 ms\tMemory Size: 128 MB\tMax Memory Used: 97 MB\t\n",
    "ingestionTime": 1766476381178
  },
  {
    "timestamp": 1766476376408,
    "message": "START RequestId: 462997f7-2782-4a1e-a7a7-7cc485825edd Version: $LATEST\n",
    "ingestionTime": 1766476381178
  },
  {
    "timestamp": 1766476376409,
    "message": "2025-12-23T07:52:56.409Z\t462997f7-2782-4a1e-a7a7-7cc485825edd\tINFO\t[METRICS] INSERT regular game 3002e822-9947-43fc-a9cb-17170c066bf5 - incrementing gameCount\n",
    "ingestionTime": 1766476381178
  },
  {
    "timestamp": 1766476376461,
    "message": "2025-12-23T07:52:56.461Z\t462997f7-2782-4a1e-a7a7-7cc485825edd\tERROR\tError updating undefined [ID: 42101695-1332-48e3-963b-3c6ad4e909a0]: ValidationException: 1 validation error detected: Value null at 'tableName' failed to satisfy constraint: Member must not be null\n    at ProtocolLib.getErrorSchemaOrThrowBaseException (/var/task/node_modules/@aws-sdk/core/dist-cjs/submodules/protocols/index.js:69:67)\n    at AwsJson1_0Protocol.handleError (/var/task/node_modules/@aws-sdk/core/dist-cjs/submodules/protocols/index.js:774:65)\n    at AwsJson1_0Protocol.deserializeResponse (/var/task/node_modules/@smithy/core/dist-cjs/submodules/protocols/index.js:473:24)\n    at process.processTicksAndRejections (node:internal/process/task_queues:105:5)\n    at async /var/task/node_modules/@smithy/core/dist-cjs/submodules/schema/index.js:26:24\n    at async /var/task/node_modules/@aws-sdk/lib-dynamodb/dist-cjs/index.js:107:34\n    at async /var/task/node_modules/@smithy/core/dist-cjs/index.js:121:20\n    at async /var/task/node_modules/@smithy/middleware-retry/dist-cjs/index.js:254:46\n    at async /var/task/node_modules/@aws-sdk/middleware-logger/dist-cjs/index.js:5:26\n    at async updateStats (/var/task/index.js:250:5) {\n  '$fault': 'client',\n  '$retryable': undefined,\n  '$metadata': {\n    httpStatusCode: 400,\n    requestId: '39EIGOJGOPURH3LEU0CP6NTT1BVV4KQNSO5AEMVJF66Q9ASUAAJG',\n    extendedRequestId: undefined,\n    cfId: undefined,\n    attempts: 1,\n    totalRetryDelay: 0\n  },\n  __type: 'com.amazon.coral.validate#ValidationException'\n}\n",
    "ingestionTime": 1766476381178
  },
  {
    "timestamp": 1766476376540,
    "message": "2025-12-23T07:52:56.540Z\t462997f7-2782-4a1e-a7a7-7cc485825edd\tERROR\tError updating undefined [ID: fd4f7fb1-67fd-4398-b4b4-d85722256d45]: ValidationException: 1 validation error detected: Value null at 'tableName' failed to satisfy constraint: Member must not be null\n    at ProtocolLib.getErrorSchemaOrThrowBaseException (/var/task/node_modules/@aws-sdk/core/dist-cjs/submodules/protocols/index.js:69:67)\n    at AwsJson1_0Protocol.handleError (/var/task/node_modules/@aws-sdk/core/dist-cjs/submodules/protocols/index.js:774:65)\n    at AwsJson1_0Protocol.deserializeResponse (/var/task/node_modules/@smithy/core/dist-cjs/submodules/protocols/index.js:473:24)\n    at process.processTicksAndRejections (node:internal/process/task_queues:105:5)\n    at async /var/task/node_modules/@smithy/core/dist-cjs/submodules/schema/index.js:26:24\n    at async /var/task/node_modules/@aws-sdk/lib-dynamodb/dist-cjs/index.js:107:34\n    at async /var/task/node_modules/@smithy/core/dist-cjs/index.js:121:20\n    at async /var/task/node_modules/@smithy/middleware-retry/dist-cjs/index.js:254:46\n    at async /var/task/node_modules/@aws-sdk/middleware-logger/dist-cjs/index.js:5:26\n    at async updateStats (/var/task/index.js:250:5) {\n  '$fault': 'client',\n  '$retryable': undefined,\n  '$metadata': {\n    httpStatusCode: 400,\n    requestId: '419DNPPU6UPTQAR84HQ6JR467JVV4KQNSO5AEMVJF66Q9ASUAAJG',\n    extendedRequestId: undefined,\n    cfId: undefined,\n    attempts: 1,\n    totalRetryDelay: 0\n  },\n  __type: 'com.amazon.coral.validate#ValidationException'\n}\n",
    "ingestionTime": 1766476381178
  },
  {
    "timestamp": 1766476376580,
    "message": "END RequestId: 462997f7-2782-4a1e-a7a7-7cc485825edd\n",
    "ingestionTime": 1766476381178
  },
  {
    "timestamp": 1766476376580,
    "message": "REPORT RequestId: 462997f7-2782-4a1e-a7a7-7cc485825edd\tDuration: 171.66 ms\tBilled Duration: 172 ms\tMemory Size: 128 MB\tMax Memory Used: 97 MB\t\n",
    "ingestionTime": 1766476381178
  }
]